<?xml version="1.0" encoding="UTF-8"?>
<testsuite xmlns:xsi="http://www.w3.org/2001/XMLSchema-instance" xsi:noNamespaceSchemaLocation="https://maven.apache.org/surefire/maven-surefire-plugin/xsd/surefire-test-report-3.0.xsd" version="3.0" name="io.cucumber.skeleton.RunBlazeDemoTest" time="69.375" tests="4" errors="0" skipped="0" failures="0">
  <properties>
    <property name="sun.desktop" value="gnome"/>
    <property name="awt.toolkit" value="sun.awt.X11.XToolkit"/>
    <property name="java.specification.version" value="11"/>
    <property name="sun.cpu.isalist" value=""/>
    <property name="sun.jnu.encoding" value="UTF-8"/>
    <property name="java.class.path" value="/home/dxogo/Desktop/3ANO/SEMESTRE2/TQS/P/Labs/lab05/lab05_3web-automation/target/test-classes:/home/dxogo/Desktop/3ANO/SEMESTRE2/TQS/P/Labs/lab05/lab05_3web-automation/target/classes:/home/dxogo/.m2/repository/org/seleniumhq/selenium/selenium-java/4.0.0/selenium-java-4.0.0.jar:/home/dxogo/.m2/repository/org/seleniumhq/selenium/selenium-api/4.0.0/selenium-api-4.0.0.jar:/home/dxogo/.m2/repository/org/seleniumhq/selenium/selenium-chrome-driver/4.0.0/selenium-chrome-driver-4.0.0.jar:/home/dxogo/.m2/repository/com/google/auto/service/auto-service-annotations/1.0/auto-service-annotations-1.0.jar:/home/dxogo/.m2/repository/com/google/auto/service/auto-service/1.0/auto-service-1.0.jar:/home/dxogo/.m2/repository/com/google/auto/auto-common/1.0/auto-common-1.0.jar:/home/dxogo/.m2/repository/com/google/guava/guava/31.0.1-jre/guava-31.0.1-jre.jar:/home/dxogo/.m2/repository/com/google/guava/failureaccess/1.0.1/failureaccess-1.0.1.jar:/home/dxogo/.m2/repository/com/google/guava/listenablefuture/9999.0-empty-to-avoid-conflict-with-guava/listenablefuture-9999.0-empty-to-avoid-conflict-with-guava.jar:/home/dxogo/.m2/repository/com/google/code/findbugs/jsr305/3.0.2/jsr305-3.0.2.jar:/home/dxogo/.m2/repository/org/checkerframework/checker-qual/3.12.0/checker-qual-3.12.0.jar:/home/dxogo/.m2/repository/com/google/errorprone/error_prone_annotations/2.7.1/error_prone_annotations-2.7.1.jar:/home/dxogo/.m2/repository/com/google/j2objc/j2objc-annotations/1.3/j2objc-annotations-1.3.jar:/home/dxogo/.m2/repository/org/seleniumhq/selenium/selenium-chromium-driver/4.0.0/selenium-chromium-driver-4.0.0.jar:/home/dxogo/.m2/repository/org/seleniumhq/selenium/selenium-json/4.0.0/selenium-json-4.0.0.jar:/home/dxogo/.m2/repository/org/seleniumhq/selenium/selenium-devtools-v85/4.0.0/selenium-devtools-v85-4.0.0.jar:/home/dxogo/.m2/repository/org/seleniumhq/selenium/selenium-devtools-v93/4.0.0/selenium-devtools-v93-4.0.0.jar:/home/dxogo/.m2/repository/org/seleniumhq/selenium/selenium-devtools-v94/4.0.0/selenium-devtools-v94-4.0.0.jar:/home/dxogo/.m2/repository/org/seleniumhq/selenium/selenium-devtools-v95/4.0.0/selenium-devtools-v95-4.0.0.jar:/home/dxogo/.m2/repository/org/seleniumhq/selenium/selenium-edge-driver/4.0.0/selenium-edge-driver-4.0.0.jar:/home/dxogo/.m2/repository/org/seleniumhq/selenium/selenium-firefox-driver/4.0.0/selenium-firefox-driver-4.0.0.jar:/home/dxogo/.m2/repository/org/seleniumhq/selenium/selenium-firefox-xpi-driver/4.0.0/selenium-firefox-xpi-driver-4.0.0.jar:/home/dxogo/.m2/repository/org/seleniumhq/selenium/selenium-ie-driver/4.0.0/selenium-ie-driver-4.0.0.jar:/home/dxogo/.m2/repository/org/seleniumhq/selenium/selenium-opera-driver/4.0.0/selenium-opera-driver-4.0.0.jar:/home/dxogo/.m2/repository/org/seleniumhq/selenium/selenium-remote-driver/4.0.0/selenium-remote-driver-4.0.0.jar:/home/dxogo/.m2/repository/com/beust/jcommander/1.81/jcommander-1.81.jar:/home/dxogo/.m2/repository/io/netty/netty-buffer/4.1.68.Final/netty-buffer-4.1.68.Final.jar:/home/dxogo/.m2/repository/io/netty/netty-codec-http/4.1.67.Final/netty-codec-http-4.1.67.Final.jar:/home/dxogo/.m2/repository/io/netty/netty-codec/4.1.67.Final/netty-codec-4.1.67.Final.jar:/home/dxogo/.m2/repository/io/netty/netty-handler/4.1.67.Final/netty-handler-4.1.67.Final.jar:/home/dxogo/.m2/repository/io/netty/netty-common/4.1.68.Final/netty-common-4.1.68.Final.jar:/home/dxogo/.m2/repository/io/netty/netty-transport-native-epoll/4.1.67.Final/netty-transport-native-epoll-4.1.67.Final.jar:/home/dxogo/.m2/repository/io/netty/netty-transport-native-kqueue/4.1.67.Final/netty-transport-native-kqueue-4.1.67.Final.jar:/home/dxogo/.m2/repository/io/netty/netty-transport-native-unix-common/4.1.67.Final/netty-transport-native-unix-common-4.1.67.Final.jar:/home/dxogo/.m2/repository/io/netty/netty-transport/4.1.68.Final/netty-transport-4.1.68.Final.jar:/home/dxogo/.m2/repository/io/netty/netty-resolver/4.1.68.Final/netty-resolver-4.1.68.Final.jar:/home/dxogo/.m2/repository/io/opentelemetry/opentelemetry-api/1.6.0/opentelemetry-api-1.6.0.jar:/home/dxogo/.m2/repository/io/opentelemetry/opentelemetry-context/1.6.0/opentelemetry-context-1.6.0.jar:/home/dxogo/.m2/repository/io/opentelemetry/opentelemetry-exporter-logging/1.6.0/opentelemetry-exporter-logging-1.6.0.jar:/home/dxogo/.m2/repository/io/opentelemetry/opentelemetry-sdk-metrics/1.6.0-alpha/opentelemetry-sdk-metrics-1.6.0-alpha.jar:/home/dxogo/.m2/repository/io/opentelemetry/opentelemetry-sdk-common/1.6.0/opentelemetry-sdk-common-1.6.0.jar:/home/dxogo/.m2/repository/io/opentelemetry/opentelemetry-sdk-extension-autoconfigure-spi/1.6.0/opentelemetry-sdk-extension-autoconfigure-spi-1.6.0.jar:/home/dxogo/.m2/repository/io/opentelemetry/opentelemetry-sdk-extension-autoconfigure/1.6.0-alpha/opentelemetry-sdk-extension-autoconfigure-1.6.0-alpha.jar:/home/dxogo/.m2/repository/io/opentelemetry/opentelemetry-sdk-trace/1.6.0/opentelemetry-sdk-trace-1.6.0.jar:/home/dxogo/.m2/repository/io/opentelemetry/opentelemetry-api-metrics/1.6.0-alpha/opentelemetry-api-metrics-1.6.0-alpha.jar:/home/dxogo/.m2/repository/io/opentelemetry/opentelemetry-sdk/1.6.0/opentelemetry-sdk-1.6.0.jar:/home/dxogo/.m2/repository/io/opentelemetry/opentelemetry-semconv/1.6.0-alpha/opentelemetry-semconv-1.6.0-alpha.jar:/home/dxogo/.m2/repository/io/ous/jtoml/2.0.0/jtoml-2.0.0.jar:/home/dxogo/.m2/repository/net/bytebuddy/byte-buddy/1.11.19/byte-buddy-1.11.19.jar:/home/dxogo/.m2/repository/org/apache/commons/commons-exec/1.3/commons-exec-1.3.jar:/home/dxogo/.m2/repository/org/asynchttpclient/async-http-client/2.12.3/async-http-client-2.12.3.jar:/home/dxogo/.m2/repository/org/asynchttpclient/async-http-client-netty-utils/2.12.3/async-http-client-netty-utils-2.12.3.jar:/home/dxogo/.m2/repository/io/netty/netty-codec-socks/4.1.60.Final/netty-codec-socks-4.1.60.Final.jar:/home/dxogo/.m2/repository/io/netty/netty-handler-proxy/4.1.60.Final/netty-handler-proxy-4.1.60.Final.jar:/home/dxogo/.m2/repository/io/netty/netty-transport-native-epoll/4.1.60.Final/netty-transport-native-epoll-4.1.60.Final-linux-x86_64.jar:/home/dxogo/.m2/repository/io/netty/netty-transport-native-kqueue/4.1.60.Final/netty-transport-native-kqueue-4.1.60.Final-osx-x86_64.jar:/home/dxogo/.m2/repository/org/reactivestreams/reactive-streams/1.0.3/reactive-streams-1.0.3.jar:/home/dxogo/.m2/repository/com/typesafe/netty/netty-reactive-streams/2.0.4/netty-reactive-streams-2.0.4.jar:/home/dxogo/.m2/repository/org/slf4j/slf4j-api/1.7.30/slf4j-api-1.7.30.jar:/home/dxogo/.m2/repository/com/sun/activation/jakarta.activation/1.2.2/jakarta.activation-1.2.2.jar:/home/dxogo/.m2/repository/org/seleniumhq/selenium/selenium-http/4.0.0/selenium-http-4.0.0.jar:/home/dxogo/.m2/repository/org/seleniumhq/selenium/selenium-safari-driver/4.0.0/selenium-safari-driver-4.0.0.jar:/home/dxogo/.m2/repository/org/seleniumhq/selenium/selenium-support/4.0.0/selenium-support-4.0.0.jar:/home/dxogo/.m2/repository/org/seleniumhq/selenium/htmlunit-driver/3.60.0/htmlunit-driver-3.60.0.jar:/home/dxogo/.m2/repository/net/sourceforge/htmlunit/htmlunit/2.60.0/htmlunit-2.60.0.jar:/home/dxogo/.m2/repository/xalan/xalan/2.7.2/xalan-2.7.2.jar:/home/dxogo/.m2/repository/xalan/serializer/2.7.2/serializer-2.7.2.jar:/home/dxogo/.m2/repository/org/apache/httpcomponents/httpmime/4.5.13/httpmime-4.5.13.jar:/home/dxogo/.m2/repository/org/apache/httpcomponents/httpclient/4.5.13/httpclient-4.5.13.jar:/home/dxogo/.m2/repository/org/apache/httpcomponents/httpcore/4.4.13/httpcore-4.4.13.jar:/home/dxogo/.m2/repository/net/sourceforge/htmlunit/htmlunit-core-js/2.60.0/htmlunit-core-js-2.60.0.jar:/home/dxogo/.m2/repository/net/sourceforge/htmlunit/neko-htmlunit/2.60.0/neko-htmlunit-2.60.0.jar:/home/dxogo/.m2/repository/xerces/xercesImpl/2.12.2/xercesImpl-2.12.2.jar:/home/dxogo/.m2/repository/xml-apis/xml-apis/1.4.01/xml-apis-1.4.01.jar:/home/dxogo/.m2/repository/net/sourceforge/htmlunit/htmlunit-cssparser/1.11.0/htmlunit-cssparser-1.11.0.jar:/home/dxogo/.m2/repository/org/apache/commons/commons-lang3/3.12.0/commons-lang3-3.12.0.jar:/home/dxogo/.m2/repository/org/apache/commons/commons-text/1.9/commons-text-1.9.jar:/home/dxogo/.m2/repository/commons-io/commons-io/2.10.0/commons-io-2.10.0.jar:/home/dxogo/.m2/repository/commons-logging/commons-logging/1.2/commons-logging-1.2.jar:/home/dxogo/.m2/repository/commons-net/commons-net/3.8.0/commons-net-3.8.0.jar:/home/dxogo/.m2/repository/commons-codec/commons-codec/1.15/commons-codec-1.15.jar:/home/dxogo/.m2/repository/org/brotli/dec/0.1.2/dec-0.1.2.jar:/home/dxogo/.m2/repository/com/shapesecurity/salvation2/3.0.0/salvation2-3.0.0.jar:/home/dxogo/.m2/repository/org/eclipse/jetty/websocket/websocket-client/9.4.45.v20220203/websocket-client-9.4.45.v20220203.jar:/home/dxogo/.m2/repository/org/eclipse/jetty/jetty-client/9.4.45.v20220203/jetty-client-9.4.45.v20220203.jar:/home/dxogo/.m2/repository/org/eclipse/jetty/jetty-http/9.4.45.v20220203/jetty-http-9.4.45.v20220203.jar:/home/dxogo/.m2/repository/org/eclipse/jetty/jetty-util/9.4.45.v20220203/jetty-util-9.4.45.v20220203.jar:/home/dxogo/.m2/repository/org/eclipse/jetty/jetty-io/9.4.45.v20220203/jetty-io-9.4.45.v20220203.jar:/home/dxogo/.m2/repository/org/eclipse/jetty/websocket/websocket-common/9.4.45.v20220203/websocket-common-9.4.45.v20220203.jar:/home/dxogo/.m2/repository/org/eclipse/jetty/websocket/websocket-api/9.4.45.v20220203/websocket-api-9.4.45.v20220203.jar:/home/dxogo/.m2/repository/io/cucumber/cucumber-java/7.2.3/cucumber-java-7.2.3.jar:/home/dxogo/.m2/repository/io/cucumber/cucumber-core/7.2.3/cucumber-core-7.2.3.jar:/home/dxogo/.m2/repository/io/cucumber/cucumber-gherkin/7.2.3/cucumber-gherkin-7.2.3.jar:/home/dxogo/.m2/repository/io/cucumber/cucumber-gherkin-messages/7.2.3/cucumber-gherkin-messages-7.2.3.jar:/home/dxogo/.m2/repository/io/cucumber/messages/17.1.1/messages-17.1.1.jar:/home/dxogo/.m2/repository/io/cucumber/tag-expressions/4.1.0/tag-expressions-4.1.0.jar:/home/dxogo/.m2/repository/io/cucumber/cucumber-expressions/15.0.1/cucumber-expressions-15.0.1.jar:/home/dxogo/.m2/repository/io/cucumber/datatable/7.2.3/datatable-7.2.3.jar:/home/dxogo/.m2/repository/io/cucumber/cucumber-plugin/7.2.3/cucumber-plugin-7.2.3.jar:/home/dxogo/.m2/repository/io/cucumber/docstring/7.2.3/docstring-7.2.3.jar:/home/dxogo/.m2/repository/io/cucumber/html-formatter/17.0.0/html-formatter-17.0.0.jar:/home/dxogo/.m2/repository/io/cucumber/ci-environment/8.1.0/ci-environment-8.1.0.jar:/home/dxogo/.m2/repository/org/apiguardian/apiguardian-api/1.1.2/apiguardian-api-1.1.2.jar:/home/dxogo/.m2/repository/io/cucumber/cucumber-junit/7.2.3/cucumber-junit-7.2.3.jar:/home/dxogo/.m2/repository/junit/junit/4.13.2/junit-4.13.2.jar:/home/dxogo/.m2/repository/org/hamcrest/hamcrest-core/1.3/hamcrest-core-1.3.jar:/home/dxogo/.m2/repository/io/cucumber/cucumber-junit-platform-engine/7.2.3/cucumber-junit-platform-engine-7.2.3.jar:/home/dxogo/.m2/repository/org/junit/platform/junit-platform-engine/1.8.2/junit-platform-engine-1.8.2.jar:/home/dxogo/.m2/repository/org/junit/platform/junit-platform-suite/1.8.2/junit-platform-suite-1.8.2.jar:/home/dxogo/.m2/repository/org/junit/platform/junit-platform-suite-api/1.8.2/junit-platform-suite-api-1.8.2.jar:/home/dxogo/.m2/repository/org/junit/platform/junit-platform-suite-engine/1.8.2/junit-platform-suite-engine-1.8.2.jar:/home/dxogo/.m2/repository/org/junit/platform/junit-platform-suite-commons/1.8.2/junit-platform-suite-commons-1.8.2.jar:/home/dxogo/.m2/repository/org/junit/platform/junit-platform-launcher/1.8.2/junit-platform-launcher-1.8.2.jar:/home/dxogo/.m2/repository/org/junit/jupiter/junit-jupiter/5.8.2/junit-jupiter-5.8.2.jar:/home/dxogo/.m2/repository/org/junit/jupiter/junit-jupiter-params/5.8.2/junit-jupiter-params-5.8.2.jar:/home/dxogo/.m2/repository/org/junit/jupiter/junit-jupiter-engine/5.8.2/junit-jupiter-engine-5.8.2.jar:/home/dxogo/.m2/repository/org/junit/jupiter/junit-jupiter-api/5.8.2/junit-jupiter-api-5.8.2.jar:/home/dxogo/.m2/repository/org/opentest4j/opentest4j/1.2.0/opentest4j-1.2.0.jar:/home/dxogo/.m2/repository/org/junit/platform/junit-platform-commons/1.8.2/junit-platform-commons-1.8.2.jar:"/>
    <property name="java.vm.vendor" value="Ubuntu"/>
    <property name="sun.arch.data.model" value="64"/>
    <property name="java.vendor.url" value="https://ubuntu.com/"/>
    <property name="user.timezone" value="Europe/Lisbon"/>
    <property name="user.country.format" value="PT"/>
    <property name="java.vm.specification.version" value="11"/>
    <property name="os.name" value="Linux"/>
    <property name="sun.java.launcher" value="SUN_STANDARD"/>
    <property name="user.country" value="US"/>
    <property name="sun.boot.library.path" value="/usr/lib/jvm/java-11-openjdk-amd64/lib"/>
    <property name="sun.java.command" value="/home/dxogo/Desktop/3ANO/SEMESTRE2/TQS/P/Labs/lab05/lab05_3web-automation/target/surefire/surefirebooter16420018518966946589.jar /home/dxogo/Desktop/3ANO/SEMESTRE2/TQS/P/Labs/lab05/lab05_3web-automation/target/surefire 2022-04-09T02-53-00_967-jvmRun1 surefire13240935944961535280tmp surefire_0845267651836577963tmp"/>
    <property name="jdk.debug" value="release"/>
    <property name="surefire.test.class.path" value="/home/dxogo/Desktop/3ANO/SEMESTRE2/TQS/P/Labs/lab05/lab05_3web-automation/target/test-classes:/home/dxogo/Desktop/3ANO/SEMESTRE2/TQS/P/Labs/lab05/lab05_3web-automation/target/classes:/home/dxogo/.m2/repository/org/seleniumhq/selenium/selenium-java/4.0.0/selenium-java-4.0.0.jar:/home/dxogo/.m2/repository/org/seleniumhq/selenium/selenium-api/4.0.0/selenium-api-4.0.0.jar:/home/dxogo/.m2/repository/org/seleniumhq/selenium/selenium-chrome-driver/4.0.0/selenium-chrome-driver-4.0.0.jar:/home/dxogo/.m2/repository/com/google/auto/service/auto-service-annotations/1.0/auto-service-annotations-1.0.jar:/home/dxogo/.m2/repository/com/google/auto/service/auto-service/1.0/auto-service-1.0.jar:/home/dxogo/.m2/repository/com/google/auto/auto-common/1.0/auto-common-1.0.jar:/home/dxogo/.m2/repository/com/google/guava/guava/31.0.1-jre/guava-31.0.1-jre.jar:/home/dxogo/.m2/repository/com/google/guava/failureaccess/1.0.1/failureaccess-1.0.1.jar:/home/dxogo/.m2/repository/com/google/guava/listenablefuture/9999.0-empty-to-avoid-conflict-with-guava/listenablefuture-9999.0-empty-to-avoid-conflict-with-guava.jar:/home/dxogo/.m2/repository/com/google/code/findbugs/jsr305/3.0.2/jsr305-3.0.2.jar:/home/dxogo/.m2/repository/org/checkerframework/checker-qual/3.12.0/checker-qual-3.12.0.jar:/home/dxogo/.m2/repository/com/google/errorprone/error_prone_annotations/2.7.1/error_prone_annotations-2.7.1.jar:/home/dxogo/.m2/repository/com/google/j2objc/j2objc-annotations/1.3/j2objc-annotations-1.3.jar:/home/dxogo/.m2/repository/org/seleniumhq/selenium/selenium-chromium-driver/4.0.0/selenium-chromium-driver-4.0.0.jar:/home/dxogo/.m2/repository/org/seleniumhq/selenium/selenium-json/4.0.0/selenium-json-4.0.0.jar:/home/dxogo/.m2/repository/org/seleniumhq/selenium/selenium-devtools-v85/4.0.0/selenium-devtools-v85-4.0.0.jar:/home/dxogo/.m2/repository/org/seleniumhq/selenium/selenium-devtools-v93/4.0.0/selenium-devtools-v93-4.0.0.jar:/home/dxogo/.m2/repository/org/seleniumhq/selenium/selenium-devtools-v94/4.0.0/selenium-devtools-v94-4.0.0.jar:/home/dxogo/.m2/repository/org/seleniumhq/selenium/selenium-devtools-v95/4.0.0/selenium-devtools-v95-4.0.0.jar:/home/dxogo/.m2/repository/org/seleniumhq/selenium/selenium-edge-driver/4.0.0/selenium-edge-driver-4.0.0.jar:/home/dxogo/.m2/repository/org/seleniumhq/selenium/selenium-firefox-driver/4.0.0/selenium-firefox-driver-4.0.0.jar:/home/dxogo/.m2/repository/org/seleniumhq/selenium/selenium-firefox-xpi-driver/4.0.0/selenium-firefox-xpi-driver-4.0.0.jar:/home/dxogo/.m2/repository/org/seleniumhq/selenium/selenium-ie-driver/4.0.0/selenium-ie-driver-4.0.0.jar:/home/dxogo/.m2/repository/org/seleniumhq/selenium/selenium-opera-driver/4.0.0/selenium-opera-driver-4.0.0.jar:/home/dxogo/.m2/repository/org/seleniumhq/selenium/selenium-remote-driver/4.0.0/selenium-remote-driver-4.0.0.jar:/home/dxogo/.m2/repository/com/beust/jcommander/1.81/jcommander-1.81.jar:/home/dxogo/.m2/repository/io/netty/netty-buffer/4.1.68.Final/netty-buffer-4.1.68.Final.jar:/home/dxogo/.m2/repository/io/netty/netty-codec-http/4.1.67.Final/netty-codec-http-4.1.67.Final.jar:/home/dxogo/.m2/repository/io/netty/netty-codec/4.1.67.Final/netty-codec-4.1.67.Final.jar:/home/dxogo/.m2/repository/io/netty/netty-handler/4.1.67.Final/netty-handler-4.1.67.Final.jar:/home/dxogo/.m2/repository/io/netty/netty-common/4.1.68.Final/netty-common-4.1.68.Final.jar:/home/dxogo/.m2/repository/io/netty/netty-transport-native-epoll/4.1.67.Final/netty-transport-native-epoll-4.1.67.Final.jar:/home/dxogo/.m2/repository/io/netty/netty-transport-native-kqueue/4.1.67.Final/netty-transport-native-kqueue-4.1.67.Final.jar:/home/dxogo/.m2/repository/io/netty/netty-transport-native-unix-common/4.1.67.Final/netty-transport-native-unix-common-4.1.67.Final.jar:/home/dxogo/.m2/repository/io/netty/netty-transport/4.1.68.Final/netty-transport-4.1.68.Final.jar:/home/dxogo/.m2/repository/io/netty/netty-resolver/4.1.68.Final/netty-resolver-4.1.68.Final.jar:/home/dxogo/.m2/repository/io/opentelemetry/opentelemetry-api/1.6.0/opentelemetry-api-1.6.0.jar:/home/dxogo/.m2/repository/io/opentelemetry/opentelemetry-context/1.6.0/opentelemetry-context-1.6.0.jar:/home/dxogo/.m2/repository/io/opentelemetry/opentelemetry-exporter-logging/1.6.0/opentelemetry-exporter-logging-1.6.0.jar:/home/dxogo/.m2/repository/io/opentelemetry/opentelemetry-sdk-metrics/1.6.0-alpha/opentelemetry-sdk-metrics-1.6.0-alpha.jar:/home/dxogo/.m2/repository/io/opentelemetry/opentelemetry-sdk-common/1.6.0/opentelemetry-sdk-common-1.6.0.jar:/home/dxogo/.m2/repository/io/opentelemetry/opentelemetry-sdk-extension-autoconfigure-spi/1.6.0/opentelemetry-sdk-extension-autoconfigure-spi-1.6.0.jar:/home/dxogo/.m2/repository/io/opentelemetry/opentelemetry-sdk-extension-autoconfigure/1.6.0-alpha/opentelemetry-sdk-extension-autoconfigure-1.6.0-alpha.jar:/home/dxogo/.m2/repository/io/opentelemetry/opentelemetry-sdk-trace/1.6.0/opentelemetry-sdk-trace-1.6.0.jar:/home/dxogo/.m2/repository/io/opentelemetry/opentelemetry-api-metrics/1.6.0-alpha/opentelemetry-api-metrics-1.6.0-alpha.jar:/home/dxogo/.m2/repository/io/opentelemetry/opentelemetry-sdk/1.6.0/opentelemetry-sdk-1.6.0.jar:/home/dxogo/.m2/repository/io/opentelemetry/opentelemetry-semconv/1.6.0-alpha/opentelemetry-semconv-1.6.0-alpha.jar:/home/dxogo/.m2/repository/io/ous/jtoml/2.0.0/jtoml-2.0.0.jar:/home/dxogo/.m2/repository/net/bytebuddy/byte-buddy/1.11.19/byte-buddy-1.11.19.jar:/home/dxogo/.m2/repository/org/apache/commons/commons-exec/1.3/commons-exec-1.3.jar:/home/dxogo/.m2/repository/org/asynchttpclient/async-http-client/2.12.3/async-http-client-2.12.3.jar:/home/dxogo/.m2/repository/org/asynchttpclient/async-http-client-netty-utils/2.12.3/async-http-client-netty-utils-2.12.3.jar:/home/dxogo/.m2/repository/io/netty/netty-codec-socks/4.1.60.Final/netty-codec-socks-4.1.60.Final.jar:/home/dxogo/.m2/repository/io/netty/netty-handler-proxy/4.1.60.Final/netty-handler-proxy-4.1.60.Final.jar:/home/dxogo/.m2/repository/io/netty/netty-transport-native-epoll/4.1.60.Final/netty-transport-native-epoll-4.1.60.Final-linux-x86_64.jar:/home/dxogo/.m2/repository/io/netty/netty-transport-native-kqueue/4.1.60.Final/netty-transport-native-kqueue-4.1.60.Final-osx-x86_64.jar:/home/dxogo/.m2/repository/org/reactivestreams/reactive-streams/1.0.3/reactive-streams-1.0.3.jar:/home/dxogo/.m2/repository/com/typesafe/netty/netty-reactive-streams/2.0.4/netty-reactive-streams-2.0.4.jar:/home/dxogo/.m2/repository/org/slf4j/slf4j-api/1.7.30/slf4j-api-1.7.30.jar:/home/dxogo/.m2/repository/com/sun/activation/jakarta.activation/1.2.2/jakarta.activation-1.2.2.jar:/home/dxogo/.m2/repository/org/seleniumhq/selenium/selenium-http/4.0.0/selenium-http-4.0.0.jar:/home/dxogo/.m2/repository/org/seleniumhq/selenium/selenium-safari-driver/4.0.0/selenium-safari-driver-4.0.0.jar:/home/dxogo/.m2/repository/org/seleniumhq/selenium/selenium-support/4.0.0/selenium-support-4.0.0.jar:/home/dxogo/.m2/repository/org/seleniumhq/selenium/htmlunit-driver/3.60.0/htmlunit-driver-3.60.0.jar:/home/dxogo/.m2/repository/net/sourceforge/htmlunit/htmlunit/2.60.0/htmlunit-2.60.0.jar:/home/dxogo/.m2/repository/xalan/xalan/2.7.2/xalan-2.7.2.jar:/home/dxogo/.m2/repository/xalan/serializer/2.7.2/serializer-2.7.2.jar:/home/dxogo/.m2/repository/org/apache/httpcomponents/httpmime/4.5.13/httpmime-4.5.13.jar:/home/dxogo/.m2/repository/org/apache/httpcomponents/httpclient/4.5.13/httpclient-4.5.13.jar:/home/dxogo/.m2/repository/org/apache/httpcomponents/httpcore/4.4.13/httpcore-4.4.13.jar:/home/dxogo/.m2/repository/net/sourceforge/htmlunit/htmlunit-core-js/2.60.0/htmlunit-core-js-2.60.0.jar:/home/dxogo/.m2/repository/net/sourceforge/htmlunit/neko-htmlunit/2.60.0/neko-htmlunit-2.60.0.jar:/home/dxogo/.m2/repository/xerces/xercesImpl/2.12.2/xercesImpl-2.12.2.jar:/home/dxogo/.m2/repository/xml-apis/xml-apis/1.4.01/xml-apis-1.4.01.jar:/home/dxogo/.m2/repository/net/sourceforge/htmlunit/htmlunit-cssparser/1.11.0/htmlunit-cssparser-1.11.0.jar:/home/dxogo/.m2/repository/org/apache/commons/commons-lang3/3.12.0/commons-lang3-3.12.0.jar:/home/dxogo/.m2/repository/org/apache/commons/commons-text/1.9/commons-text-1.9.jar:/home/dxogo/.m2/repository/commons-io/commons-io/2.10.0/commons-io-2.10.0.jar:/home/dxogo/.m2/repository/commons-logging/commons-logging/1.2/commons-logging-1.2.jar:/home/dxogo/.m2/repository/commons-net/commons-net/3.8.0/commons-net-3.8.0.jar:/home/dxogo/.m2/repository/commons-codec/commons-codec/1.15/commons-codec-1.15.jar:/home/dxogo/.m2/repository/org/brotli/dec/0.1.2/dec-0.1.2.jar:/home/dxogo/.m2/repository/com/shapesecurity/salvation2/3.0.0/salvation2-3.0.0.jar:/home/dxogo/.m2/repository/org/eclipse/jetty/websocket/websocket-client/9.4.45.v20220203/websocket-client-9.4.45.v20220203.jar:/home/dxogo/.m2/repository/org/eclipse/jetty/jetty-client/9.4.45.v20220203/jetty-client-9.4.45.v20220203.jar:/home/dxogo/.m2/repository/org/eclipse/jetty/jetty-http/9.4.45.v20220203/jetty-http-9.4.45.v20220203.jar:/home/dxogo/.m2/repository/org/eclipse/jetty/jetty-util/9.4.45.v20220203/jetty-util-9.4.45.v20220203.jar:/home/dxogo/.m2/repository/org/eclipse/jetty/jetty-io/9.4.45.v20220203/jetty-io-9.4.45.v20220203.jar:/home/dxogo/.m2/repository/org/eclipse/jetty/websocket/websocket-common/9.4.45.v20220203/websocket-common-9.4.45.v20220203.jar:/home/dxogo/.m2/repository/org/eclipse/jetty/websocket/websocket-api/9.4.45.v20220203/websocket-api-9.4.45.v20220203.jar:/home/dxogo/.m2/repository/io/cucumber/cucumber-java/7.2.3/cucumber-java-7.2.3.jar:/home/dxogo/.m2/repository/io/cucumber/cucumber-core/7.2.3/cucumber-core-7.2.3.jar:/home/dxogo/.m2/repository/io/cucumber/cucumber-gherkin/7.2.3/cucumber-gherkin-7.2.3.jar:/home/dxogo/.m2/repository/io/cucumber/cucumber-gherkin-messages/7.2.3/cucumber-gherkin-messages-7.2.3.jar:/home/dxogo/.m2/repository/io/cucumber/messages/17.1.1/messages-17.1.1.jar:/home/dxogo/.m2/repository/io/cucumber/tag-expressions/4.1.0/tag-expressions-4.1.0.jar:/home/dxogo/.m2/repository/io/cucumber/cucumber-expressions/15.0.1/cucumber-expressions-15.0.1.jar:/home/dxogo/.m2/repository/io/cucumber/datatable/7.2.3/datatable-7.2.3.jar:/home/dxogo/.m2/repository/io/cucumber/cucumber-plugin/7.2.3/cucumber-plugin-7.2.3.jar:/home/dxogo/.m2/repository/io/cucumber/docstring/7.2.3/docstring-7.2.3.jar:/home/dxogo/.m2/repository/io/cucumber/html-formatter/17.0.0/html-formatter-17.0.0.jar:/home/dxogo/.m2/repository/io/cucumber/ci-environment/8.1.0/ci-environment-8.1.0.jar:/home/dxogo/.m2/repository/org/apiguardian/apiguardian-api/1.1.2/apiguardian-api-1.1.2.jar:/home/dxogo/.m2/repository/io/cucumber/cucumber-junit/7.2.3/cucumber-junit-7.2.3.jar:/home/dxogo/.m2/repository/junit/junit/4.13.2/junit-4.13.2.jar:/home/dxogo/.m2/repository/org/hamcrest/hamcrest-core/1.3/hamcrest-core-1.3.jar:/home/dxogo/.m2/repository/io/cucumber/cucumber-junit-platform-engine/7.2.3/cucumber-junit-platform-engine-7.2.3.jar:/home/dxogo/.m2/repository/org/junit/platform/junit-platform-engine/1.8.2/junit-platform-engine-1.8.2.jar:/home/dxogo/.m2/repository/org/junit/platform/junit-platform-suite/1.8.2/junit-platform-suite-1.8.2.jar:/home/dxogo/.m2/repository/org/junit/platform/junit-platform-suite-api/1.8.2/junit-platform-suite-api-1.8.2.jar:/home/dxogo/.m2/repository/org/junit/platform/junit-platform-suite-engine/1.8.2/junit-platform-suite-engine-1.8.2.jar:/home/dxogo/.m2/repository/org/junit/platform/junit-platform-suite-commons/1.8.2/junit-platform-suite-commons-1.8.2.jar:/home/dxogo/.m2/repository/org/junit/platform/junit-platform-launcher/1.8.2/junit-platform-launcher-1.8.2.jar:/home/dxogo/.m2/repository/org/junit/jupiter/junit-jupiter/5.8.2/junit-jupiter-5.8.2.jar:/home/dxogo/.m2/repository/org/junit/jupiter/junit-jupiter-params/5.8.2/junit-jupiter-params-5.8.2.jar:/home/dxogo/.m2/repository/org/junit/jupiter/junit-jupiter-engine/5.8.2/junit-jupiter-engine-5.8.2.jar:/home/dxogo/.m2/repository/org/junit/jupiter/junit-jupiter-api/5.8.2/junit-jupiter-api-5.8.2.jar:/home/dxogo/.m2/repository/org/opentest4j/opentest4j/1.2.0/opentest4j-1.2.0.jar:/home/dxogo/.m2/repository/org/junit/platform/junit-platform-commons/1.8.2/junit-platform-commons-1.8.2.jar:"/>
    <property name="sun.cpu.endian" value="little"/>
    <property name="user.home" value="/home/dxogo"/>
    <property name="user.language" value="en"/>
    <property name="java.specification.vendor" value="Oracle Corporation"/>
    <property name="java.version.date" value="2022-02-08"/>
    <property name="java.home" value="/usr/lib/jvm/java-11-openjdk-amd64"/>
    <property name="file.separator" value="/"/>
    <property name="basedir" value="/home/dxogo/Desktop/3ANO/SEMESTRE2/TQS/P/Labs/lab05/lab05_3web-automation"/>
    <property name="java.vm.compressedOopsMode" value="32-bit"/>
    <property name="line.separator" value="&#10;"/>
    <property name="java.specification.name" value="Java Platform API Specification"/>
    <property name="java.vm.specification.vendor" value="Oracle Corporation"/>
    <property name="java.awt.graphicsenv" value="sun.awt.X11GraphicsEnvironment"/>
    <property name="surefire.real.class.path" value="/home/dxogo/Desktop/3ANO/SEMESTRE2/TQS/P/Labs/lab05/lab05_3web-automation/target/surefire/surefirebooter16420018518966946589.jar"/>
    <property name="sun.management.compiler" value="HotSpot 64-Bit Tiered Compilers"/>
    <property name="java.runtime.version" value="11.0.14.1+1-Ubuntu-0ubuntu1.20.04"/>
    <property name="user.name" value="dxogo"/>
    <property name="path.separator" value=":"/>
    <property name="os.version" value="5.13.0-39-generic"/>
    <property name="java.runtime.name" value="OpenJDK Runtime Environment"/>
    <property name="file.encoding" value="UTF-8"/>
    <property name="sun.nio.ch.bugLevel" value=""/>
    <property name="java.vm.name" value="OpenJDK 64-Bit Server VM"/>
    <property name="localRepository" value="/home/dxogo/.m2/repository"/>
    <property name="java.vendor.url.bug" value="https://bugs.launchpad.net/ubuntu/+source/openjdk-lts"/>
    <property name="java.io.tmpdir" value="/tmp"/>
    <property name="java.version" value="11.0.14.1"/>
    <property name="user.dir" value="/home/dxogo/Desktop/3ANO/SEMESTRE2/TQS/P/Labs/lab05/lab05_3web-automation"/>
    <property name="os.arch" value="amd64"/>
    <property name="java.vm.specification.name" value="Java Virtual Machine Specification"/>
    <property name="java.awt.printerjob" value="sun.print.PSPrinterJob"/>
    <property name="user.language.format" value="pt"/>
    <property name="sun.os.patch.level" value="unknown"/>
    <property name="java.library.path" value="/usr/java/packages/lib:/usr/lib/x86_64-linux-gnu/jni:/lib/x86_64-linux-gnu:/usr/lib/x86_64-linux-gnu:/usr/lib/jni:/lib:/usr/lib"/>
    <property name="java.vm.info" value="mixed mode, sharing"/>
    <property name="java.vendor" value="Ubuntu"/>
    <property name="java.vm.version" value="11.0.14.1+1-Ubuntu-0ubuntu1.20.04"/>
    <property name="sun.io.unicode.encoding" value="UnicodeLittle"/>
    <property name="java.class.version" value="55.0"/>
  </properties>
  <testcase name="Travel Agency Web App - Go to the Simple Travel Agency site" classname="Travel Agency Web App" time="61.424">
    <system-out><![CDATA[
Scenario: Find Flights From Mexico City to New York                        &amp#27;[90m# io/cucumber/skeleton/blaze.feature:14&amp#27;[0m

Scenario: Buy one Flight From Portland to Berlin                      &amp#27;[90m# io/cucumber/skeleton/blaze.feature:21&amp#27;[0m

Scenario: Find Flights From Paris to Buenos Aires                        &amp#27;[90m# io/cucumber/skeleton/blaze.feature:7&amp#27;[0m

Scenario: Go to the Simple Travel Agency site      &amp#27;[90m# io/cucumber/skeleton/blaze.feature:3&amp#27;[0m
  &amp#27;[32mWhen &amp#27;[0m&amp#27;[32mI navigate to &amp#27;[0m&amp#27;[32m&amp#27;[1m"https://blazedemo.com/"&amp#27;[0m                         &amp#27;[90m# io.cucumber.skeleton.BlazeDemoSteps.iNavigateTo(java.lang.String)&amp#27;[0m
  &amp#27;[32mWhen &amp#27;[0m&amp#27;[32mI navigate to &amp#27;[0m&amp#27;[32m&amp#27;[1m"https://blazedemo.com/"&amp#27;[0m      &amp#27;[90m# io.cucumber.skeleton.BlazeDemoSteps.iNavigateTo(java.lang.String)&amp#27;[0m
  &amp#27;[32mWhen &amp#27;[0m&amp#27;[32mI navigate to &amp#27;[0m&amp#27;[32m&amp#27;[1m"https://blazedemo.com/"&amp#27;[0m                              &amp#27;[90m# io.cucumber.skeleton.BlazeDemoSteps.iNavigateTo(java.lang.String)&amp#27;[0m
  &amp#27;[32mThen &amp#27;[0m&amp#27;[32mThe title of the page should be &amp#27;[0m&amp#27;[32m&amp#27;[1m"BlazeDemo"&amp#27;[0m &amp#27;[90m# io.cucumber.skeleton.BlazeDemoSteps.theTitleOfThePageShouldBe(java.lang.String)&amp#27;[0m
]]></system-out>
    <system-err><![CDATA[SLF4J: Failed to load class "org.slf4j.impl.StaticLoggerBinder".
SLF4J: Defaulting to no-operation (NOP) logger implementation
SLF4J: See http://www.slf4j.org/codes.html#StaticLoggerBinder for further details.
SStStaartrttiianngg  rChCtrhrioomnmege DDCrrhiirvoemvereD rr1 i0v01e.00r. 4180906..0.064809.60..6S0t 4(a86rat95d6i10n.g86 06C 1h(rc6oeam8e5ddDre1i5vf0ecr8 e12601205c.e6084.d4e68559f86c.e0263032 b54(663a45cd6b57180d08e3630b144c37ecb8-7rddeeef05s4f/c7b-rera2en2f5sc6/h4b6-r5ah8n0ce3ha3d-bs4h/3ec4ba879d6de@0s{4/7#-48r879e56}f)s @/o{bn #r8pao75rn}t)c  ho3-n7h 8ep3a6od
rOtsn /l45y38 95l66@o4c{
#aO87nl5 l}cyo)n  nlooencca tlpo irocton ns5 n1aer5ec9 ta6il
olOnos nawlreey d al.lol
coPawleld e.coans
nePel  esa(esec6e a 5shdteti1et0op 8ns6sh: 1/tact/percse8:h/d r/eacohl5mrefodmcreiedlvr2eivr2e.5ocr6h.r4cow6me5id8hu.0rmo3
.m3Pioublrme4g.o3/arscgeb/css7urdeeietc0 yu-s4r7eic-oren esfhtitsyd-/tecbpronrass:iatd/nier/coahcnts-i ohhfoerra nsdusogs/gmee4 s8tfdi9o6rn@is{vo #eorr8n .7 5cskue}gepg)ih enosgrnt  Cipohormonorimstue m Do4.ri2onvr9 e7grk3/ e
ssOeeacnfpuleiyr.n i
gtl oyC-cachlon rcsooimdnenereDcarttiiivooennrss   sfaafeo.r sug
gestions on keeping reC harlolmoewDerdi.
vePrl esaasfee. 
see https://chromedriver.chromium.org/security-considerations for suggestions on keeping ChromeDriver safe.
ChromeDriver was started successfully.
ChromeDriver was started successfully.
ChromeDriver was started successfully.
ChromeDriver was started successfully.
abr 09, 2022 2:53:07 DA MANHÃ org.openqa.selenium.remote.ProtocolHandshake createSession
INFO: Detected dialect: W3C
abr 09, 2022 2:53:07 DA MANHÃ org.openqa.selenium.remote.ProtocolHandshake createSession
INFO: Detected dialect: W3C
abr 09, 2022 2:53:07 DA MANHÃ org.openqa.selenium.remote.ProtocolHandshake createSession
INFO: Detected dialect: W3C
abr 09, 2022 2:53:07 DA MANHÃ org.openqa.selenium.remote.ProtocolHandshake createSession
INFO: Detected dialect: W3C
abr 09, 2022 2:53:08 DA MANHÃ org.openqa.selenium.devtools.CdpVersionFinder findNearestMatch
WARNING: Unable to find an exact match for CDP version 100, so returning the closest version found: a no-op implementation
abr 09, 2022 2:53:08 DA MANHÃ org.openqa.selenium.devtools.CdpVersionFinder findNearestMatch
WARNING: Unable to find an exact match for CDP version 100, so returning the closest version found: a no-op implementation
abr 09, 2022 2:53:08 DA MANHÃ org.openqa.selenium.devtools.CdpVersionFinder findNearestMatch
WARNING: Unable to find an exact match for CDP version 100, so returning the closest version found: a no-op implementation
abr 09, 2022 2:53:08 DA MANHÃ org.openqa.selenium.devtools.CdpVersionFinder findNearestMatch
WARNING: Unable to find an exact match for CDP version 100, so returning the closest version found: a no-op implementation
abr 09, 2022 2:53:08 DA MANHÃ org.openqa.selenium.devtools.CdpVersionFinder findNearestMatch
INFO: Unable to find CDP implementation matching 100.
abr 09, 2022 2:53:08 DA MANHÃ org.openqa.selenium.devtools.CdpVersionFinder findNearestMatch
INFO: Unable to find CDP implementation matching 100.
abr 09, 2022 2:53:08 DA MANHÃ org.openqa.selenium.devtools.CdpVersionFinder findNearestMatch
INFO: Unable to find CDP implementation matching 100.
abr 09, 2022 2:53:08 DA MANHÃ org.openqa.selenium.chromium.ChromiumDriver lambda$new$3
WARNING: Unable to find version of CDP to use for . You may need to include a dependency on a specific version of the CDP using something similar to `org.seleniumhq.selenium:selenium-devtools-v86:4.0.0` where the version ("v86") matches the version of the chromium-based browser you're using and the version number of the artifact is the same as Selenium's.
abr 09, 2022 2:53:08 DA MANHÃ org.openqa.selenium.chromium.ChromiumDriver lambda$new$3
WARNING: Unable to find version of CDP to use for . You may need to include a dependency on a specific version of the CDP using something similar to `org.seleniumhq.selenium:selenium-devtools-v86:4.0.0` where the version ("v86") matches the version of the chromium-based browser you're using and the version number of the artifact is the same as Selenium's.
abr 09, 2022 2:53:08 DA MANHÃ org.openqa.selenium.devtools.CdpVersionFinder findNearestMatch
INFO: Unable to find CDP implementation matching 100.
abr 09, 2022 2:53:08 DA MANHÃ org.openqa.selenium.chromium.ChromiumDriver lambda$new$3
WARNING: Unable to find version of CDP to use for . You may need to include a dependency on a specific version of the CDP using something similar to `org.seleniumhq.selenium:selenium-devtools-v86:4.0.0` where the version ("v86") matches the version of the chromium-based browser you're using and the version number of the artifact is the same as Selenium's.
abr 09, 2022 2:53:08 DA MANHÃ org.openqa.selenium.chromium.ChromiumDriver lambda$new$3
WARNING: Unable to find version of CDP to use for . You may need to include a dependency on a specific version of the CDP using something similar to `org.seleniumhq.selenium:selenium-devtools-v86:4.0.0` where the version ("v86") matches the version of the chromium-based browser you're using and the version number of the artifact is the same as Selenium's.
]]></system-err>
  </testcase>
  <testcase name="Travel Agency Web App - Find Flights From Mexico City to New York" classname="Travel Agency Web App" time="65.203">
    <system-out><![CDATA[  &amp#27;[32mWhen &amp#27;[0m&amp#27;[32mI navigate to &amp#27;[0m&amp#27;[32m&amp#27;[1m"https://blazedemo.com/"&amp#27;[0m                            &amp#27;[90m# io.cucumber.skeleton.BlazeDemoSteps.iNavigateTo(java.lang.String)&amp#27;[0m
  &amp#27;[32mAnd &amp#27;[0m&amp#27;[32mI select departure city &amp#27;[0m&amp#27;[32m&amp#27;[1m"Portland"&amp#27;[0m                              &amp#27;[90m# io.cucumber.skeleton.BlazeDemoSteps.iSelectDepartureCity(java.lang.String)&amp#27;[0m
  &amp#27;[32mAnd &amp#27;[0m&amp#27;[32mI select departure city &amp#27;[0m&amp#27;[32m&amp#27;[1m"Mexico City"&amp#27;[0m                                &amp#27;[90m# io.cucumber.skeleton.BlazeDemoSteps.iSelectDepartureCity(java.lang.String)&amp#27;[0m
  &amp#27;[32mAnd &amp#27;[0m&amp#27;[32mI select departure city &amp#27;[0m&amp#27;[32m&amp#27;[1m"Paris"&amp#27;[0m                                    &amp#27;[90m# io.cucumber.skeleton.BlazeDemoSteps.iSelectDepartureCity(java.lang.String)&amp#27;[0m
  &amp#27;[32mAnd &amp#27;[0m&amp#27;[32mI select destination city &amp#27;[0m&amp#27;[32m&amp#27;[1m"Berlin"&amp#27;[0m                              &amp#27;[90m# io.cucumber.skeleton.BlazeDemoSteps.iSelectDestinationCity(java.lang.String)&amp#27;[0m
  &amp#27;[32mAnd &amp#27;[0m&amp#27;[32mI select destination city &amp#27;[0m&amp#27;[32m&amp#27;[1m"New York"&amp#27;[0m                                 &amp#27;[90m# io.cucumber.skeleton.BlazeDemoSteps.iSelectDestinationCity(java.lang.String)&amp#27;[0m
  &amp#27;[32mAnd &amp#27;[0m&amp#27;[32mI select destination city &amp#27;[0m&amp#27;[32m&amp#27;[1m"Buenos Aires"&amp#27;[0m                           &amp#27;[90m# io.cucumber.skeleton.BlazeDemoSteps.iSelectDestinationCity(java.lang.String)&amp#27;[0m
  &amp#27;[32mAnd &amp#27;[0m&amp#27;[32mI click &amp#27;[0m&amp#27;[32m&amp#27;[1m"Find Flights"&amp#27;[0m                                             &amp#27;[90m# io.cucumber.skeleton.BlazeDemoSteps.iClick(java.lang.String)&amp#27;[0m
  &amp#27;[32mAnd &amp#27;[0m&amp#27;[32mI click &amp#27;[0m&amp#27;[32m&amp#27;[1m"Find Flights"&amp#27;[0m                                          &amp#27;[90m# io.cucumber.skeleton.BlazeDemoSteps.iClick(java.lang.String)&amp#27;[0m
  &amp#27;[32mAnd &amp#27;[0m&amp#27;[32mI click &amp#27;[0m&amp#27;[32m&amp#27;[1m"Find Flights"&amp#27;[0m                                               &amp#27;[90m# io.cucumber.skeleton.BlazeDemoSteps.iClick(java.lang.String)&amp#27;[0m
  &amp#27;[32mThen &amp#27;[0m&amp#27;[32mI should be shown results of &amp#27;[0m&amp#27;[32m&amp#27;[1m"Flights from Portland to Berlin"&amp#27;[0m &amp#27;[90m# io.cucumber.skeleton.BlazeDemoSteps.iShouldBeShownResultsOf(java.lang.String)&amp#27;[0m
  &amp#27;[32mThen &amp#27;[0m&amp#27;[32mI should be shown results of &amp#27;[0m&amp#27;[32m&amp#27;[1m"Flights from Paris to Buenos Aires"&amp#27;[0m &amp#27;[90m# io.cucumber.skeleton.BlazeDemoSteps.iShouldBeShownResultsOf(java.lang.String)&amp#27;[0m
  &amp#27;[32mThen &amp#27;[0m&amp#27;[32mI should be shown results of &amp#27;[0m&amp#27;[32m&amp#27;[1m"Flights from Mexico City to New York"&amp#27;[0m &amp#27;[90m# io.cucumber.skeleton.BlazeDemoSteps.iShouldBeShownResultsOf(java.lang.String)&amp#27;[0m
]]></system-out>
  </testcase>
  <testcase name="Travel Agency Web App - Find Flights From Paris to Buenos Aires" classname="Travel Agency Web App" time="65.207"/>
  <testcase name="Travel Agency Web App - Buy one Flight From Portland to Berlin" classname="Travel Agency Web App" time="69.141">
    <system-out><![CDATA[  &amp#27;[32mWhen &amp#27;[0m&amp#27;[32mI click &amp#27;[0m&amp#27;[32m&amp#27;[1m"Choose This Flight"&amp#27;[0m                                   &amp#27;[90m# io.cucumber.skeleton.BlazeDemoSteps.iClick(java.lang.String)&amp#27;[0m
  &amp#27;[32mAnd &amp#27;[0m&amp#27;[32mI enter my Name &amp#27;[0m&amp#27;[32m&amp#27;[1m"Hugo Almeida"&amp#27;[0m                                  &amp#27;[90m# io.cucumber.skeleton.BlazeDemoSteps.iEnterMyName(java.lang.String)&amp#27;[0m
  &amp#27;[32mAnd &amp#27;[0m&amp#27;[32mI enter my Address &amp#27;[0m&amp#27;[32m&amp#27;[1m"UA"&amp#27;[0m                                         &amp#27;[90m# io.cucumber.skeleton.BlazeDemoSteps.iEnterMyAddress(java.lang.String)&amp#27;[0m
  &amp#27;[32mAnd &amp#27;[0m&amp#27;[32mI enter my City &amp#27;[0m&amp#27;[32m&amp#27;[1m"Aveiro"&amp#27;[0m                                        &amp#27;[90m# io.cucumber.skeleton.BlazeDemoSteps.iEnterMyCity(java.lang.String)&amp#27;[0m
  &amp#27;[32mAnd &amp#27;[0m&amp#27;[32mI enter my State &amp#27;[0m&amp#27;[32m&amp#27;[1m"Aveiro"&amp#27;[0m                                       &amp#27;[90m# io.cucumber.skeleton.BlazeDemoSteps.iEnterMyState(java.lang.String)&amp#27;[0m
  &amp#27;[32mAnd &amp#27;[0m&amp#27;[32mI enter my Zip Code &amp#27;[0m&amp#27;[32m&amp#27;[1m12345&amp#27;[0m                                       &amp#27;[90m# io.cucumber.skeleton.BlazeDemoSteps.iEnterMyZipCode(java.lang.Integer)&amp#27;[0m
  &amp#27;[32mAnd &amp#27;[0m&amp#27;[32mI enter my Credit Card Number &amp#27;[0m&amp#27;[32m&amp#27;[1m12345&amp#27;[0m                             &amp#27;[90m# io.cucumber.skeleton.BlazeDemoSteps.iEnterMyCreditCardNumber(java.lang.Integer)&amp#27;[0m
  &amp#27;[32mAnd &amp#27;[0m&amp#27;[32mI enter my Name on Card &amp#27;[0m&amp#27;[32m&amp#27;[1m"Hugo Almeida"&amp#27;[0m                          &amp#27;[90m# io.cucumber.skeleton.BlazeDemoSteps.iEnterMyNameOnCard(java.lang.String)&amp#27;[0m
  &amp#27;[32mAnd &amp#27;[0m&amp#27;[32mI click &amp#27;[0m&amp#27;[32m&amp#27;[1m"Purchase Flight"&amp#27;[0m                                       &amp#27;[90m# io.cucumber.skeleton.BlazeDemoSteps.iClick(java.lang.String)&amp#27;[0m
  &amp#27;[32mThen &amp#27;[0m&amp#27;[32mThe purchase should be confirmed&amp#27;[0m                               &amp#27;[90m# io.cucumber.skeleton.BlazeDemoSteps.thePurchaseShouldBeConfirmed()&amp#27;[0m
  &amp#27;[32mAnd &amp#27;[0m&amp#27;[32mThe title of the page should be &amp#27;[0m&amp#27;[32m&amp#27;[1m"BlazeDemo Confirmation"&amp#27;[0m        &amp#27;[90m# io.cucumber.skeleton.BlazeDemoSteps.theTitleOfThePageShouldBe(java.lang.String)&amp#27;[0m
]]></system-out>
  </testcase>
</testsuite>